  [1m[35m (224.7ms)[0m  [1m[35mCREATE DATABASE "WriterTyper_development" ENCODING = 'unicode'[0m
  [1m[35m (82.0ms)[0m  [1m[35mCREATE DATABASE "WriterTyper_test" ENCODING = 'unicode'[0m
  [1m[35m (34.8ms)[0m  [1m[35mCREATE TABLE "schema_migrations" ("version" character varying NOT NULL PRIMARY KEY)[0m
  [1m[35m (6.4ms)[0m  [1m[35mCREATE TABLE "ar_internal_metadata" ("key" character varying NOT NULL PRIMARY KEY, "value" character varying, "created_at" timestamp(6) NOT NULL, "updated_at" timestamp(6) NOT NULL)[0m
  [1m[35m (1.6ms)[0m  [1m[34mSELECT pg_try_advisory_lock(498120874959919575)[0m
  [1m[35m (0.8ms)[0m  [1m[34mSELECT "schema_migrations"."version" FROM "schema_migrations" ORDER BY "schema_migrations"."version" ASC[0m
Migrating to CreateTexts (20200810160359)
  [1m[35m (0.3ms)[0m  [1m[35mBEGIN[0m
  [1m[35m (9.6ms)[0m  [1m[35mCREATE TABLE "texts" ("id" bigserial primary key, "title" character varying, "words" integer, "characters" integer, "author" character varying)[0m
  [1m[36mprimary::SchemaMigration Create (1.7ms)[0m  [1m[32mINSERT INTO "schema_migrations" ("version") VALUES ($1) RETURNING "version"[0m  [["version", "20200810160359"]]
  [1m[35m (0.4ms)[0m  [1m[35mCOMMIT[0m
Migrating to CreateAuthors (20200810160458)
  [1m[35m (0.5ms)[0m  [1m[35mBEGIN[0m
  [1m[35m (2.9ms)[0m  [1m[35mCREATE TABLE "authors" ("id" bigserial primary key, "name" character varying, "biography" character varying, "controversy" character varying)[0m
  [1m[36mprimary::SchemaMigration Create (0.5ms)[0m  [1m[32mINSERT INTO "schema_migrations" ("version") VALUES ($1) RETURNING "version"[0m  [["version", "20200810160458"]]
  [1m[35m (0.6ms)[0m  [1m[35mCOMMIT[0m
Migrating to CreateScores (20200810161015)
  [1m[35m (0.5ms)[0m  [1m[35mBEGIN[0m
  [1m[35m (2.9ms)[0m  [1m[35mCREATE TABLE "scores" ("id" bigserial primary key, "username" character varying, "word_per_minute" integer, "accuracy" decimal, "estimate" integer, "score" integer)[0m
  [1m[36mprimary::SchemaMigration Create (0.4ms)[0m  [1m[32mINSERT INTO "schema_migrations" ("version") VALUES ($1) RETURNING "version"[0m  [["version", "20200810161015"]]
  [1m[35m (0.6ms)[0m  [1m[35mCOMMIT[0m
  [1m[36mActiveRecord::InternalMetadata Load (0.9ms)[0m  [1m[34mSELECT "ar_internal_metadata".* FROM "ar_internal_metadata" WHERE "ar_internal_metadata"."key" = $1 LIMIT $2[0m  [["key", "environment"], ["LIMIT", 1]]
  [1m[35m (0.3ms)[0m  [1m[35mBEGIN[0m
  [1m[36mActiveRecord::InternalMetadata Create (1.2ms)[0m  [1m[32mINSERT INTO "ar_internal_metadata" ("key", "value", "created_at", "updated_at") VALUES ($1, $2, $3, $4) RETURNING "key"[0m  [["key", "environment"], ["value", "development"], ["created_at", "2020-08-10 16:11:23.823427"], ["updated_at", "2020-08-10 16:11:23.823427"]]
  [1m[35m (0.3ms)[0m  [1m[35mCOMMIT[0m
  [1m[35m (0.5ms)[0m  [1m[34mSELECT pg_advisory_unlock(498120874959919575)[0m
  [1m[35m (1.0ms)[0m  [1m[34mSELECT "schema_migrations"."version" FROM "schema_migrations" ORDER BY "schema_migrations"."version" ASC[0m
  [1m[35m (0.2ms)[0m  [1m[34mSELECT pg_try_advisory_lock(498120874959919575)[0m
  [1m[35m (0.5ms)[0m  [1m[34mSELECT "schema_migrations"."version" FROM "schema_migrations" ORDER BY "schema_migrations"."version" ASC[0m
Migrating to AddContentToTexts (20200810172753)
  [1m[35m (0.4ms)[0m  [1m[35mBEGIN[0m
  [1m[35m (3.2ms)[0m  [1m[35mALTER TABLE "texts" ADD "content" character varying[0m
  [1m[36mprimary::SchemaMigration Create (0.2ms)[0m  [1m[32mINSERT INTO "schema_migrations" ("version") VALUES ($1) RETURNING "version"[0m  [["version", "20200810172753"]]
  [1m[35m (1.3ms)[0m  [1m[35mCOMMIT[0m
  [1m[36mActiveRecord::InternalMetadata Load (4.0ms)[0m  [1m[34mSELECT "ar_internal_metadata".* FROM "ar_internal_metadata" WHERE "ar_internal_metadata"."key" = $1 LIMIT $2[0m  [["key", "environment"], ["LIMIT", 1]]
  [1m[35m (0.4ms)[0m  [1m[34mSELECT pg_advisory_unlock(498120874959919575)[0m
  [1m[35m (0.5ms)[0m  [1m[34mSELECT "schema_migrations"."version" FROM "schema_migrations" ORDER BY "schema_migrations"."version" ASC[0m
  [1m[35m (0.4ms)[0m  [1m[34mSELECT pg_try_advisory_lock(498120874959919575)[0m
  [1m[35m (0.9ms)[0m  [1m[34mSELECT "schema_migrations"."version" FROM "schema_migrations" ORDER BY "schema_migrations"."version" ASC[0m
Migrating to AddAuthorRefToTexts (20200810180103)
  [1m[35m (0.3ms)[0m  [1m[35mBEGIN[0m
  [1m[35m (26.2ms)[0m  [1m[35mALTER TABLE "texts" ADD "author_id" bigint NOT NULL[0m
  [1m[35m (2.8ms)[0m  [1m[35mCREATE  INDEX  "index_texts_on_author_id" ON "texts"  ("author_id")[0m
  [1m[35m (12.2ms)[0m  [1m[35mALTER TABLE "texts" ADD CONSTRAINT "fk_rails_2a848cd1aa"
FOREIGN KEY ("author_id")
  REFERENCES "authors" ("id")
[0m
  [1m[36mprimary::SchemaMigration Create (0.3ms)[0m  [1m[32mINSERT INTO "schema_migrations" ("version") VALUES ($1) RETURNING "version"[0m  [["version", "20200810180103"]]
  [1m[35m (1.0ms)[0m  [1m[35mCOMMIT[0m
Migrating to AddTextRefToScores (20200810180134)
  [1m[35m (0.2ms)[0m  [1m[35mBEGIN[0m
  [1m[35m (0.3ms)[0m  [1m[35mALTER TABLE "scores" ADD "text_id" bigint NOT NULL[0m
  [1m[35m (2.3ms)[0m  [1m[35mCREATE  INDEX  "index_scores_on_text_id" ON "scores"  ("text_id")[0m
  [1m[35m (1.2ms)[0m  [1m[35mALTER TABLE "scores" ADD CONSTRAINT "fk_rails_da36e48312"
FOREIGN KEY ("text_id")
  REFERENCES "texts" ("id")
[0m
  [1m[36mprimary::SchemaMigration Create (0.4ms)[0m  [1m[32mINSERT INTO "schema_migrations" ("version") VALUES ($1) RETURNING "version"[0m  [["version", "20200810180134"]]
  [1m[35m (0.4ms)[0m  [1m[35mCOMMIT[0m
Migrating to AddTextRefToAuthor (20200810180210)
  [1m[35m (0.2ms)[0m  [1m[35mBEGIN[0m
  [1m[35m (0.3ms)[0m  [1m[35mALTER TABLE "authors" ADD "text_id" bigint NOT NULL[0m
  [1m[35m (20.9ms)[0m  [1m[35mCREATE  INDEX  "index_authors_on_text_id" ON "authors"  ("text_id")[0m
  [1m[35m (0.8ms)[0m  [1m[35mALTER TABLE "authors" ADD CONSTRAINT "fk_rails_f2933ea318"
FOREIGN KEY ("text_id")
  REFERENCES "texts" ("id")
[0m
  [1m[36mprimary::SchemaMigration Create (0.3ms)[0m  [1m[32mINSERT INTO "schema_migrations" ("version") VALUES ($1) RETURNING "version"[0m  [["version", "20200810180210"]]
  [1m[35m (0.4ms)[0m  [1m[35mCOMMIT[0m
  [1m[36mActiveRecord::InternalMetadata Load (0.3ms)[0m  [1m[34mSELECT "ar_internal_metadata".* FROM "ar_internal_metadata" WHERE "ar_internal_metadata"."key" = $1 LIMIT $2[0m  [["key", "environment"], ["LIMIT", 1]]
  [1m[35m (0.3ms)[0m  [1m[34mSELECT pg_advisory_unlock(498120874959919575)[0m
  [1m[35m (0.7ms)[0m  [1m[34mSELECT "schema_migrations"."version" FROM "schema_migrations" ORDER BY "schema_migrations"."version" ASC[0m
